<?xml version="1.0" encoding="UTF-8"?>
<!-- Generated by org.testng.reporters.JUnitReportReporter -->
<testsuite skipped="0" hostname="Bala" name="flipkarttestcases.TC_002" tests="1" failures="0" timestamp="25 Jan 2019 15:16:29 GMT" time="11.999" errors="0">
  <testcase name="f" time="11.999" classname="flipkarttestcases.TC_002"/>
</testsuite> <!-- flipkarttestcases.TC_002 -->
