<?xml version="1.0" encoding="UTF-8"?>
<!-- Generated by org.testng.reporters.JUnitReportReporter -->
<testsuite skipped="0" hostname="Bala" name="com.durgasoft.project.seleniumproject.TC_003" tests="1" failures="0" timestamp="24 Jan 2019 16:22:40 GMT" time="27.425" errors="0">
  <testcase name="amazonSearch" time="27.425" classname="com.durgasoft.project.seleniumproject.TC_003"/>
</testsuite> <!-- com.durgasoft.project.seleniumproject.TC_003 -->
