<?xml version="1.0" encoding="UTF-8"?>
<!-- Generated by org.testng.reporters.JUnitReportReporter -->
<testsuite skipped="0" hostname="Bala" name="com.durgasoft.project.seleniumproject.TC_001" tests="1" failures="0" timestamp="18 Jan 2019 12:20:45 GMT" time="44.007" errors="0">
  <testcase name="f" time="44.007" classname="com.durgasoft.project.seleniumproject.TC_001"/>
</testsuite> <!-- com.durgasoft.project.seleniumproject.TC_001 -->
