<?xml version="1.0" encoding="UTF-8"?>
<!-- Generated by org.testng.reporters.JUnitReportReporter -->
<testsuite skipped="0" hostname="Bala" name="flipkarttestcases.TC_001" tests="1" failures="0" timestamp="25 Jan 2019 12:20:57 GMT" time="16.030" errors="0">
  <testcase name="f" time="16.030" classname="flipkarttestcases.TC_001"/>
</testsuite> <!-- flipkarttestcases.TC_001 -->
