<?xml version="1.0" encoding="UTF-8"?>
<!-- Generated by org.testng.reporters.JUnitReportReporter -->
<testsuite skipped="0" hostname="Bala" name="com.durgasoft.project.seleniumproject.TC_002" tests="1" failures="0" timestamp="25 Jan 2019 13:53:53 GMT" time="13.843" errors="0">
  <testcase name="f" time="13.843" classname="com.durgasoft.project.seleniumproject.TC_002"/>
</testsuite> <!-- com.durgasoft.project.seleniumproject.TC_002 -->
